-1.6
-encoding
UTF-8
-showWeaveInfo
-source
1.6
-target
1.6
-verbose
-classpath
/Users/ahorne/.m2/repository/org/aspectj/aspectjrt/1.6.10/aspectjrt-1.6.10.jar:/Users/ahorne/.m2/repository/org/slf4j/slf4j-api/1.7.2/slf4j-api-1.7.2.jar:/Users/ahorne/.m2/repository/ch/qos/logback/logback-classic/1.0.9/logback-classic-1.0.9.jar:/Users/ahorne/.m2/repository/junit/junit/4.10/junit-4.10.jar:/Users/ahorne/.m2/repository/ch/qos/logback/logback-core/1.0.9/logback-core-1.0.9.jar:/Users/ahorne/.m2/repository/org/hamcrest/hamcrest-core/1.1/hamcrest-core-1.1.jar:/Users/ahorne/Code/LOCAL/aspectj/target/classes
-d
/Users/ahorne/Code/LOCAL/aspectj/target/classes
/Users/ahorne/Code/LOCAL/aspectj/src/main/java/org/example/aspectj/domain/Animalia.java
/Users/ahorne/Code/LOCAL/aspectj/src/main/java/org/example/aspectj/domain/Cat.java
/Users/ahorne/Code/LOCAL/aspectj/src/main/java/org/example/aspectj/domain/Daisy.java
/Users/ahorne/Code/LOCAL/aspectj/src/main/java/org/example/aspectj/domain/Dog.java
/Users/ahorne/Code/LOCAL/aspectj/src/main/java/org/example/aspectj/domain/Kingdom.java
/Users/ahorne/Code/LOCAL/aspectj/src/main/java/org/example/aspectj/domain/Plantae.java
/Users/ahorne/Code/LOCAL/aspectj/src/main/java/org/example/aspectj/LogAnimalNameAspect.java
